<?xml version="1.0" encoding="UTF-8"?>
<!-- Generated by org.testng.reporters.JUnitReportReporter -->
<testsuite skipped="0" hostname="LAPTOP-P4EEPPJ9" name="com.alg.mvnproject.test1" tests="6" failures="0" timestamp="13 Aug 2017 19:16:19 GMT" time="1.982" errors="0">
  <testcase name="testMethod4" time="0.000" classname="com.alg.mvnproject.test1"/>
  <testcase name="testMethod3" time="0.000" classname="com.alg.mvnproject.test1"/>
  <testcase name="testMethod0" time="1.982" classname="com.alg.mvnproject.test1"/>
  <testcase name="testMethod1" time="0.000" classname="com.alg.mvnproject.test1"/>
  <testcase name="testMethod2" time="0.000" classname="com.alg.mvnproject.test1"/>
  <testcase name="testMethod5" time="0.000" classname="com.alg.mvnproject.test1"/>
</testsuite> <!-- com.alg.mvnproject.test1 -->
